<?xml version="1.0" encoding="UTF-8"?>
<!-- Generated by org.testng.reporters.JUnitXMLReporter -->
<testsuite ignored="2" hostname="Monster" failures="3" tests="20" name="Test" time="5.258" errors="0" timestamp="2024-04-17T17:47:19 IST">
  <testcase classname="testNG_demo.Example5" name="signUp" time="0.011">
    <failure type="java.lang.ArithmeticException" message="/ by zero">
      <![CDATA[java.lang.ArithmeticException: / by zero
at testNG_demo.Example5.signUp(Example5.java:8)
at java.base/java.util.ArrayList.forEach(ArrayList.java:1511)
... Removed 27 stack frames]]>
    </failure>
  </testcase> <!-- signUp -->
  <testcase classname="testNG_demo.Example5" name="login" time="0.0">
    <skipped/>
  </testcase> <!-- login -->
  <testcase classname="testNG_demo.Example5" name="composeEmail" time="0.001">
    <skipped/>
  </testcase> <!-- composeEmail -->
  <testcase classname="testNG_demo.Example5" name="checkDraft" time="0.0">
    <skipped/>
  </testcase> <!-- checkDraft -->
  <testcase classname="testNG_demo.Example5" name="checkSentItems" time="0.0">
    <skipped/>
  </testcase> <!-- checkSentItems -->
  <testcase classname="testNG_demo.Example4" name="f" time="0.001"/>
  <testcase classname="testNG_demo.Example3" name="testCase1" time="0.003"/>
  <testcase classname="testNG_demo.Example3" name="testCase1" time="0.002"/>
  <testcase classname="testNG_demo.Example3" name="testCase1" time="0.002"/>
  <testcase classname="testNG_demo.Example3" name="testCase1" time="0.001"/>
  <testcase classname="testNG_demo.Example3" name="testCase1" time="0.001"/>
  <testcase classname="testNG_demo.Example3" name="testCase2" time="2.016">
    <failure type="org.testng.internal.thread.ThreadTimeoutException" message="Method testNG_demo.Example3.testCase2() didn&amp;apos;t finish within the time-out 2000">
      <![CDATA[org.testng.internal.thread.ThreadTimeoutException: Method testNG_demo.Example3.testCase2() didn't finish within the time-out 2000
at java.base@17.0.7/java.lang.Thread.sleep(Native Method)
at app//testNG_demo.Example3.testCase2(Example3.java:16)
at java.base@17.0.7/java.util.concurrent.FutureTask.run(FutureTask.java:264)
at java.base@17.0.7/java.util.concurrent.ThreadPoolExecutor.runWorker(ThreadPoolExecutor.java:1136)
at java.base@17.0.7/java.util.concurrent.ThreadPoolExecutor$Worker.run(ThreadPoolExecutor.java:635)
at java.base@17.0.7/java.lang.Thread.run(Thread.java:833)
... Removed 8 stack frames]]>
    </failure>
  </testcase> <!-- testCase2 -->
  <testcase classname="testNG_demo.Example3" name="testCase4" time="1.016"/>
  <testcase classname="testNG_demo.Example3" name="testCase5" time="2.006">
    <failure type="org.testng.internal.thread.ThreadTimeoutException" message="Method testNG_demo.Example3.testCase5() didn&amp;apos;t finish within the time-out 2000">
      <![CDATA[org.testng.internal.thread.ThreadTimeoutException: Method testNG_demo.Example3.testCase5() didn't finish within the time-out 2000
at java.base@17.0.7/java.lang.Thread.sleep(Native Method)
at app//testNG_demo.Example3.testCase5(Example3.java:27)
at java.base@17.0.7/java.util.concurrent.FutureTask.run(FutureTask.java:264)
at java.base@17.0.7/java.util.concurrent.ThreadPoolExecutor.runWorker(ThreadPoolExecutor.java:1136)
at java.base@17.0.7/java.util.concurrent.ThreadPoolExecutor$Worker.run(ThreadPoolExecutor.java:635)
at java.base@17.0.7/java.lang.Thread.run(Thread.java:833)
... Removed 8 stack frames]]>
    </failure>
  </testcase> <!-- testCase5 -->
  <testcase classname="testNG_demo.Example2" name="testCase4" time="0.002"/>
  <testcase classname="testNG_demo.Example2" name="testCase1" time="0.002"/>
  <testcase classname="testNG_demo.Example2" name="testCase2" time="0.004"/>
  <testcase classname="testNG_demo.Example1" name="testCase1" time="0.013"/>
  <testcase classname="testNG_demo.Example1" name="testCase2" time="0.005"/>
  <testcase classname="testNG_demo.Example1" name="testCase3" time="0.004"/>
  <testcase classname="testNG_demo.Example3" name="testCase3" time="0.0">
    <ignored/>
  </testcase> <!-- testCase3 -->
  <testcase classname="testNG_demo.Example2" name="testCase3" time="0.0">
    <ignored/>
  </testcase> <!-- testCase3 -->
</testsuite> <!-- Test -->
