<?xml version="1.0" encoding="UTF-8"?>
<testng-results ignored="0" total="2" passed="2" failed="0" skipped="0">
  <reporter-output>
  </reporter-output>
  <suite started-at="2024-04-18T11:39:55 IST" name="Default suite" finished-at="2024-04-18T11:40:18 IST" duration-ms="23783">
    <groups>
    </groups>
    <test started-at="2024-04-18T11:39:55 IST" name="Default test" finished-at="2024-04-18T11:40:18 IST" duration-ms="23783">
      <class name="testNG_demo.Example6">
        <test-method is-config="true" signature="precondition()[pri:0, instance:testNG_demo.Example6@4686afc2]" started-at="2024-04-18T11:39:55 IST" name="precondition" finished-at="2024-04-18T11:40:06 IST" duration-ms="11256" status="PASS">
          <reporter-output>
          </reporter-output>
        </test-method> <!-- precondition -->
        <test-method is-config="true" signature="login()[pri:0, instance:testNG_demo.Example6@4686afc2]" started-at="2024-04-18T11:40:06 IST" name="login" finished-at="2024-04-18T11:40:08 IST" duration-ms="2431" status="PASS">
          <reporter-output>
          </reporter-output>
        </test-method> <!-- login -->
        <test-method signature="testOrangeHrmLeavePage()[pri:1, instance:testNG_demo.Example6@4686afc2]" started-at="2024-04-18T11:40:08 IST" name="testOrangeHrmLeavePage" finished-at="2024-04-18T11:40:10 IST" duration-ms="1933" status="PASS">
          <reporter-output>
          </reporter-output>
        </test-method> <!-- testOrangeHrmLeavePage -->
        <test-method is-config="true" signature="logout()[pri:0, instance:testNG_demo.Example6@4686afc2]" started-at="2024-04-18T11:40:10 IST" name="logout" finished-at="2024-04-18T11:40:12 IST" duration-ms="1910" status="PASS">
          <reporter-output>
          </reporter-output>
        </test-method> <!-- logout -->
        <test-method is-config="true" signature="login()[pri:0, instance:testNG_demo.Example6@4686afc2]" started-at="2024-04-18T11:40:12 IST" name="login" finished-at="2024-04-18T11:40:14 IST" duration-ms="1823" status="PASS">
          <reporter-output>
          </reporter-output>
        </test-method> <!-- login -->
        <test-method signature="testOrangeHrmPIMPage()[pri:2, instance:testNG_demo.Example6@4686afc2]" started-at="2024-04-18T11:40:14 IST" name="testOrangeHrmPIMPage" finished-at="2024-04-18T11:40:16 IST" duration-ms="2190" status="PASS">
          <reporter-output>
          </reporter-output>
        </test-method> <!-- testOrangeHrmPIMPage -->
        <test-method is-config="true" signature="logout()[pri:0, instance:testNG_demo.Example6@4686afc2]" started-at="2024-04-18T11:40:16 IST" name="logout" finished-at="2024-04-18T11:40:18 IST" duration-ms="1993" status="PASS">
          <reporter-output>
          </reporter-output>
        </test-method> <!-- logout -->
        <test-method is-config="true" signature="postcondition()[pri:0, instance:testNG_demo.Example6@4686afc2]" started-at="2024-04-18T11:40:18 IST" name="postcondition" finished-at="2024-04-18T11:40:18 IST" duration-ms="185" status="PASS">
          <reporter-output>
          </reporter-output>
        </test-method> <!-- postcondition -->
      </class> <!-- testNG_demo.Example6 -->
    </test> <!-- Default test -->
  </suite> <!-- Default suite -->
</testng-results>
